<?xml version="1.0" encoding="UTF-8"?>
<testng-results ignored="0" total="1" passed="1" failed="0" skipped="0">
  <reporter-output>
  </reporter-output>
  <suite started-at="2023-11-28T14:45:33 IST" name="Default suite" finished-at="2023-11-28T14:46:03 IST" duration-ms="29752">
    <groups>
    </groups>
    <test started-at="2023-11-28T14:45:33 IST" name="Default test" finished-at="2023-11-28T14:46:03 IST" duration-ms="29752">
      <class name="TestNG.ExampleTest">
        <test-method is-config="true" signature="setUp()[pri:0, instance:TestNG.ExampleTest@3a6bb9bf]" started-at="2023-11-28T14:45:33 IST" name="setUp" finished-at="2023-11-28T14:45:41 IST" duration-ms="7937" status="PASS">
          <reporter-output>
          </reporter-output>
        </test-method> <!-- setUp -->
        <test-method signature="testLoginAndLogout()[pri:0, instance:TestNG.ExampleTest@3a6bb9bf]" started-at="2023-11-28T14:45:41 IST" name="testLoginAndLogout" finished-at="2023-11-28T14:46:02 IST" duration-ms="21059" status="PASS">
          <reporter-output>
          </reporter-output>
        </test-method> <!-- testLoginAndLogout -->
        <test-method is-config="true" signature="tearDown()[pri:0, instance:TestNG.ExampleTest@3a6bb9bf]" started-at="2023-11-28T14:46:02 IST" name="tearDown" finished-at="2023-11-28T14:46:03 IST" duration-ms="680" status="PASS">
          <reporter-output>
          </reporter-output>
        </test-method> <!-- tearDown -->
      </class> <!-- TestNG.ExampleTest -->
    </test> <!-- Default test -->
  </suite> <!-- Default suite -->
</testng-results>
